<?xml version="1.0" encoding="UTF-8"?>
<!-- Generated by org.testng.reporters.JUnitXMLReporter -->
<testsuite ignored="0" hostname="CCU-SABOSE" failures="0" tests="2" name="ValidateFileUploadFeature" time="41.696" errors="0" timestamp="2022-03-05T18:44:11 IST">
  <testcase classname="com.arc.testcases.FileUpload_Validation" name="doLogin" time="5.391"/>
  <testcase classname="com.arc.testcases.FileUpload_Validation" name="createFolder" time="15.978"/>
</testsuite> <!-- ValidateFileUploadFeature -->
