<?xml version="1.0" encoding="UTF-8"?>
<!-- Generated by org.testng.reporters.JUnitXMLReporter -->
<testsuite ignored="0" hostname="CCU-SABOSE" failures="0" tests="2" name="ValidateFileUploadFeature" time="43.545" errors="0" timestamp="2022-03-05T23:43:47 IST">
  <testcase classname="com.arc.testcases.FileUpload_Validation" name="doLogin" time="10.808"/>
  <testcase classname="com.arc.testcases.FileUpload_Validation" name="createFolder" time="24.197"/>
</testsuite> <!-- ValidateFileUploadFeature -->
