<?xml version="1.0" encoding="UTF-8"?>
<!-- Generated by org.testng.reporters.JUnitXMLReporter -->
<testsuite ignored="0" hostname="CCU-SABOSE" failures="0" tests="2" name="ValidateThePin" time="0.038" errors="0" timestamp="2022-03-05T23:19:21 IST">
  <testcase classname="com.arc.testcasesSecond.VerifyPin" name="@BeforeTest launchWebsite" time="-1.646502561572E9">
    <skipped/>
  </testcase> <!-- @BeforeTest launchWebsite -->
  <testcase classname="com.arc.testcasesSecond.VerifyPin" name="@AfterTest tearDown" time="-1.646502561606E9">
    <skipped/>
  </testcase> <!-- @AfterTest tearDown -->
  <testcase classname="com.arc.testcasesSecond.VerifyPin" name="doLogin" time="0.0">
    <skipped/>
  </testcase> <!-- doLogin -->
  <testcase classname="com.arc.testcasesSecond.VerifyPin" name="goToFolder" time="0.0">
    <skipped/>
  </testcase> <!-- goToFolder -->
</testsuite> <!-- ValidateThePin -->
